Arguments: 
  /usr/local/bin/node /usr/local/Cellar/yarn/1.19.0/libexec/bin/yarn.js add cypress --dev

PATH: 
  /Users/troy/go/bin:/Users/troy/.asdf/shims:/Users/troy/.asdf/bin:/Users/troy/.local/bin:/Users/troy/bin/IAMCli-1.5.0/bin:/Users/troy/usr/bin:/Users/troy/projects/elixir/bin:/usr/local/bin:/Users/troy/.cargo/bin:/usr/local/bin:/usr/bin:/bin:/usr/sbin:/sbin:/Library/Apple/usr/bin:/Library/Apple/bin:/usr/local/go/bin:/Library/Frameworks/Mono.framework/Versions/Current/Commands:/Users/troy/go/bin:/Users/troy/.local/bin:/Users/troy/bin/IAMCli-1.5.0/bin:/Users/troy/usr/bin:/Users/troy/projects/elixir/bin:/Users/troy/.cargo/bin:/Users/troy/bin:/user/local/sbin:/path/to/elixir/bin:/Applications/Xcode.app/Contents/Applications/Application Loader.app/Contents/itms/bin:/Users/troy/bin:/user/local/sbin:/path/to/elixir/bin:/Applications/Xcode.app/Contents/Applications/Application Loader.app/Contents/itms/bin

Yarn version: 
  1.19.0

Node version: 
  10.9.0

Platform: 
  darwin x64

Trace: 
  SyntaxError: /Users/troy/projects/jamm_e2e_tests/package.json: Unexpected end of JSON input
      at JSON.parse (<anonymous>)
      at /usr/local/Cellar/yarn/1.19.0/libexec/lib/cli.js:1625:59
      at Generator.next (<anonymous>)
      at step (/usr/local/Cellar/yarn/1.19.0/libexec/lib/cli.js:304:30)
      at /usr/local/Cellar/yarn/1.19.0/libexec/lib/cli.js:315:13

npm manifest: 
  

yarn manifest: 
  No manifest

Lockfile: 
  No lockfile
